[2023-12-18 15:13:43] local.ERROR: Cannot declare class App\Models\User, because the name is already in use {"exception":"[object] (Symfony\\Component\\ErrorHandler\\Error\\FatalError(code: 0): Cannot declare class App\\Models\\User, because the name is already in use at /Users/seydou/Projects/Laravel/Brief9/app/Models/Userr.php:11)
[stacktrace]
#0 {main}
"} 
[2023-12-18 15:14:12] local.ERROR: Cannot declare class App\Models\User, because the name is already in use {"exception":"[object] (Symfony\\Component\\ErrorHandler\\Error\\FatalError(code: 0): Cannot declare class App\\Models\\User, because the name is already in use at /Users/seydou/Projects/Laravel/Brief9/app/Models/Userr.php:11)
[stacktrace]
#0 {main}
"} 
[2023-12-18 15:14:30] local.ERROR: Cannot declare class App\Models\User, because the name is already in use {"exception":"[object] (Symfony\\Component\\ErrorHandler\\Error\\FatalError(code: 0): Cannot declare class App\\Models\\User, because the name is already in use at /Users/seydou/Projects/Laravel/Brief9/app/Models/Userr.php:11)
[stacktrace]
#0 {main}
"} 
[2023-12-18 15:14:35] local.ERROR: Cannot declare class App\Models\User, because the name is already in use {"exception":"[object] (Symfony\\Component\\ErrorHandler\\Error\\FatalError(code: 0): Cannot declare class App\\Models\\User, because the name is already in use at /Users/seydou/Projects/Laravel/Brief9/app/Models/Userr.php:11)
[stacktrace]
#0 {main}
"} 
[2023-12-18 15:22:44] local.ERROR: syntax error, unexpected token "class", expecting "," or ";" {"exception":"[object] (Symfony\\Component\\ErrorHandler\\Error\\FatalError(code: 0): syntax error, unexpected token \"class\", expecting \",\" or \";\" at /Users/seydou/Projects/Laravel/Brief9/app/Models/Formation.php:9)
[stacktrace]
#0 {main}
"} 
[2023-12-18 15:31:27] local.ERROR: syntax error, unexpected token "::", expecting "," or ";" {"exception":"[object] (Symfony\\Component\\ErrorHandler\\Error\\FatalError(code: 0): syntax error, unexpected token \"::\", expecting \",\" or \";\" at /Users/seydou/Projects/Laravel/Brief9/app/Models/Formation.php:8)
[stacktrace]
#0 {main}
"} 
[2023-12-18 15:31:34] local.ERROR: syntax error, unexpected token "::", expecting "," or ";" {"exception":"[object] (Symfony\\Component\\ErrorHandler\\Error\\FatalError(code: 0): syntax error, unexpected token \"::\", expecting \",\" or \";\" at /Users/seydou/Projects/Laravel/Brief9/app/Models/Formation.php:8)
[stacktrace]
#0 {main}
"} 
[2023-12-18 15:31:52] local.ERROR: syntax error, unexpected token "class" {"exception":"[object] (Symfony\\Component\\ErrorHandler\\Error\\FatalError(code: 0): syntax error, unexpected token \"class\" at /Users/seydou/Projects/Laravel/Brief9/app/Models/Formation.php:10)
[stacktrace]
#0 {main}
"} 
[2023-12-18 15:33:00] local.ERROR: Unclosed '[' on line 11 does not match '}' {"exception":"[object] (Symfony\\Component\\ErrorHandler\\Error\\FatalError(code: 0): Unclosed '[' on line 11 does not match '}' at /Users/seydou/Projects/Laravel/Brief9/app/Models/Candidature.php:12)
[stacktrace]
#0 {main}
"} 
[2023-12-18 15:35:35] local.ERROR: Cannot redeclare App\Models\Role::users() {"exception":"[object] (Symfony\\Component\\ErrorHandler\\Error\\FatalError(code: 0): Cannot redeclare App\\Models\\Role::users() at /Users/seydou/Projects/Laravel/Brief9/app/Models/Role.php:26)
[stacktrace]
#0 {main}
"} 
[2023-12-18 15:35:39] local.ERROR: Cannot redeclare App\Models\Role::users() {"exception":"[object] (Symfony\\Component\\ErrorHandler\\Error\\FatalError(code: 0): Cannot redeclare App\\Models\\Role::users() at /Users/seydou/Projects/Laravel/Brief9/app/Models/Role.php:26)
[stacktrace]
#0 {main}
"} 
[2023-12-18 15:36:35] local.ERROR: Cannot redeclare App\Models\Candidature::users() {"exception":"[object] (Symfony\\Component\\ErrorHandler\\Error\\FatalError(code: 0): Cannot redeclare App\\Models\\Candidature::users() at /Users/seydou/Projects/Laravel/Brief9/app/Models/Candidature.php:19)
[stacktrace]
#0 {main}
"} 
[2023-12-18 15:36:40] local.ERROR: Cannot redeclare App\Models\Candidature::users() {"exception":"[object] (Symfony\\Component\\ErrorHandler\\Error\\FatalError(code: 0): Cannot redeclare App\\Models\\Candidature::users() at /Users/seydou/Projects/Laravel/Brief9/app/Models/Candidature.php:19)
[stacktrace]
#0 {main}
"} 
[2023-12-18 15:37:28] local.ERROR: Cannot redeclare App\Models\Formation::users() {"exception":"[object] (Symfony\\Component\\ErrorHandler\\Error\\FatalError(code: 0): Cannot redeclare App\\Models\\Formation::users() at /Users/seydou/Projects/Laravel/Brief9/app/Models/Formation.php:18)
[stacktrace]
#0 {main}
"} 
[2023-12-18 16:17:28] local.ERROR: SQLSTATE[HY000] [2002] Connection refused (Connection: mysql, SQL: select table_name as `name`, (data_length + index_length) as `size`, table_comment as `comment`, engine as `engine`, table_collation as `collation` from information_schema.tables where table_schema = 'brief9' and table_type = 'BASE TABLE' order by table_name) {"exception":"[object] (Illuminate\\Database\\QueryException(code: 2002): SQLSTATE[HY000] [2002] Connection refused (Connection: mysql, SQL: select table_name as `name`, (data_length + index_length) as `size`, table_comment as `comment`, engine as `engine`, table_collation as `collation` from information_schema.tables where table_schema = 'brief9' and table_type = 'BASE TABLE' order by table_name) at /Users/seydou/Projects/Laravel/Brief9/vendor/laravel/framework/src/Illuminate/Database/Connection.php:822)
[stacktrace]
#0 /Users/seydou/Projects/Laravel/Brief9/vendor/laravel/framework/src/Illuminate/Database/Connection.php(976): Illuminate\\Database\\Connection->runQueryCallback('select table_na...', Array, Object(Closure))
#1 /Users/seydou/Projects/Laravel/Brief9/vendor/laravel/framework/src/Illuminate/Database/Connection.php(955): Illuminate\\Database\\Connection->tryAgainIfCausedByLostConnection(Object(Illuminate\\Database\\QueryException), 'select table_na...', Array, Object(Closure))
#2 /Users/seydou/Projects/Laravel/Brief9/vendor/laravel/framework/src/Illuminate/Database/Connection.php(778): Illuminate\\Database\\Connection->handleQueryException(Object(Illuminate\\Database\\QueryException), 'select table_na...', Array, Object(Closure))
#3 /Users/seydou/Projects/Laravel/Brief9/vendor/laravel/framework/src/Illuminate/Database/Connection.php(407): Illuminate\\Database\\Connection->run('select table_na...', Array, Object(Closure))
#4 /Users/seydou/Projects/Laravel/Brief9/vendor/laravel/framework/src/Illuminate/Database/Connection.php(394): Illuminate\\Database\\Connection->select('select table_na...', Array, false)
#5 /Users/seydou/Projects/Laravel/Brief9/vendor/laravel/framework/src/Illuminate/Database/Schema/MySqlBuilder.php(41): Illuminate\\Database\\Connection->selectFromWriteConnection('select table_na...')
#6 /Users/seydou/Projects/Laravel/Brief9/vendor/laravel/framework/src/Illuminate/Database/Schema/Builder.php(162): Illuminate\\Database\\Schema\\MySqlBuilder->getTables()
#7 /Users/seydou/Projects/Laravel/Brief9/vendor/laravel/framework/src/Illuminate/Database/Migrations/DatabaseMigrationRepository.php(184): Illuminate\\Database\\Schema\\Builder->hasTable('migrations')
#8 /Users/seydou/Projects/Laravel/Brief9/vendor/laravel/framework/src/Illuminate/Database/Migrations/Migrator.php(700): Illuminate\\Database\\Migrations\\DatabaseMigrationRepository->repositoryExists()
#9 /Users/seydou/Projects/Laravel/Brief9/vendor/laravel/framework/src/Illuminate/Database/Console/Migrations/MigrateCommand.php(140): Illuminate\\Database\\Migrations\\Migrator->repositoryExists()
#10 /Users/seydou/Projects/Laravel/Brief9/vendor/laravel/framework/src/Illuminate/Support/helpers.php(248): Illuminate\\Database\\Console\\Migrations\\MigrateCommand->Illuminate\\Database\\Console\\Migrations\\{closure}(1)
#11 /Users/seydou/Projects/Laravel/Brief9/vendor/laravel/framework/src/Illuminate/Database/Console/Migrations/MigrateCommand.php(140): retry(1, Object(Closure), 0, Object(Closure))
#12 /Users/seydou/Projects/Laravel/Brief9/vendor/laravel/framework/src/Illuminate/Database/Console/Migrations/MigrateCommand.php(116): Illuminate\\Database\\Console\\Migrations\\MigrateCommand->repositoryExists()
#13 /Users/seydou/Projects/Laravel/Brief9/vendor/laravel/framework/src/Illuminate/Database/Console/Migrations/MigrateCommand.php(84): Illuminate\\Database\\Console\\Migrations\\MigrateCommand->prepareDatabase()
#14 /Users/seydou/Projects/Laravel/Brief9/vendor/laravel/framework/src/Illuminate/Database/Migrations/Migrator.php(633): Illuminate\\Database\\Console\\Migrations\\MigrateCommand->Illuminate\\Database\\Console\\Migrations\\{closure}()
#15 /Users/seydou/Projects/Laravel/Brief9/vendor/laravel/framework/src/Illuminate/Database/Console/Migrations/MigrateCommand.php(83): Illuminate\\Database\\Migrations\\Migrator->usingConnection(NULL, Object(Closure))
#16 /Users/seydou/Projects/Laravel/Brief9/vendor/laravel/framework/src/Illuminate/Container/BoundMethod.php(36): Illuminate\\Database\\Console\\Migrations\\MigrateCommand->handle()
#17 /Users/seydou/Projects/Laravel/Brief9/vendor/laravel/framework/src/Illuminate/Container/Util.php(41): Illuminate\\Container\\BoundMethod::Illuminate\\Container\\{closure}()
#18 /Users/seydou/Projects/Laravel/Brief9/vendor/laravel/framework/src/Illuminate/Container/BoundMethod.php(93): Illuminate\\Container\\Util::unwrapIfClosure(Object(Closure))
#19 /Users/seydou/Projects/Laravel/Brief9/vendor/laravel/framework/src/Illuminate/Container/BoundMethod.php(35): Illuminate\\Container\\BoundMethod::callBoundMethod(Object(Illuminate\\Foundation\\Application), Array, Object(Closure))
#20 /Users/seydou/Projects/Laravel/Brief9/vendor/laravel/framework/src/Illuminate/Container/Container.php(662): Illuminate\\Container\\BoundMethod::call(Object(Illuminate\\Foundation\\Application), Array, Array, NULL)
#21 /Users/seydou/Projects/Laravel/Brief9/vendor/laravel/framework/src/Illuminate/Console/Command.php(211): Illuminate\\Container\\Container->call(Array)
#22 /Users/seydou/Projects/Laravel/Brief9/vendor/symfony/console/Command/Command.php(326): Illuminate\\Console\\Command->execute(Object(Symfony\\Component\\Console\\Input\\ArgvInput), Object(Illuminate\\Console\\OutputStyle))
#23 /Users/seydou/Projects/Laravel/Brief9/vendor/laravel/framework/src/Illuminate/Console/Command.php(180): Symfony\\Component\\Console\\Command\\Command->run(Object(Symfony\\Component\\Console\\Input\\ArgvInput), Object(Illuminate\\Console\\OutputStyle))
#24 /Users/seydou/Projects/Laravel/Brief9/vendor/symfony/console/Application.php(1096): Illuminate\\Console\\Command->run(Object(Symfony\\Component\\Console\\Input\\ArgvInput), Object(Symfony\\Component\\Console\\Output\\ConsoleOutput))
#25 /Users/seydou/Projects/Laravel/Brief9/vendor/symfony/console/Application.php(324): Symfony\\Component\\Console\\Application->doRunCommand(Object(Illuminate\\Database\\Console\\Migrations\\MigrateCommand), Object(Symfony\\Component\\Console\\Input\\ArgvInput), Object(Symfony\\Component\\Console\\Output\\ConsoleOutput))
#26 /Users/seydou/Projects/Laravel/Brief9/vendor/symfony/console/Application.php(175): Symfony\\Component\\Console\\Application->doRun(Object(Symfony\\Component\\Console\\Input\\ArgvInput), Object(Symfony\\Component\\Console\\Output\\ConsoleOutput))
#27 /Users/seydou/Projects/Laravel/Brief9/vendor/laravel/framework/src/Illuminate/Foundation/Console/Kernel.php(201): Symfony\\Component\\Console\\Application->run(Object(Symfony\\Component\\Console\\Input\\ArgvInput), Object(Symfony\\Component\\Console\\Output\\ConsoleOutput))
#28 /Users/seydou/Projects/Laravel/Brief9/artisan(35): Illuminate\\Foundation\\Console\\Kernel->handle(Object(Symfony\\Component\\Console\\Input\\ArgvInput), Object(Symfony\\Component\\Console\\Output\\ConsoleOutput))
#29 {main}

[previous exception] [object] (PDOException(code: 2002): SQLSTATE[HY000] [2002] Connection refused at /Users/seydou/Projects/Laravel/Brief9/vendor/laravel/framework/src/Illuminate/Database/Connectors/Connector.php:65)
[stacktrace]
#0 /Users/seydou/Projects/Laravel/Brief9/vendor/laravel/framework/src/Illuminate/Database/Connectors/Connector.php(65): PDO->__construct('mysql:host=127....', 'root', Object(SensitiveParameterValue), Array)
#1 /Users/seydou/Projects/Laravel/Brief9/vendor/laravel/framework/src/Illuminate/Database/Connectors/Connector.php(83): Illuminate\\Database\\Connectors\\Connector->createPdoConnection('mysql:host=127....', 'root', 'root', Array)
#2 /Users/seydou/Projects/Laravel/Brief9/vendor/laravel/framework/src/Illuminate/Database/Connectors/Connector.php(48): Illuminate\\Database\\Connectors\\Connector->tryAgainIfCausedByLostConnection(Object(PDOException), 'mysql:host=127....', 'root', 'root', Array)
#3 /Users/seydou/Projects/Laravel/Brief9/vendor/laravel/framework/src/Illuminate/Database/Connectors/MySqlConnector.php(24): Illuminate\\Database\\Connectors\\Connector->createConnection('mysql:host=127....', Array, Array)
#4 /Users/seydou/Projects/Laravel/Brief9/vendor/laravel/framework/src/Illuminate/Database/Connectors/ConnectionFactory.php(184): Illuminate\\Database\\Connectors\\MySqlConnector->connect(Array)
#5 [internal function]: Illuminate\\Database\\Connectors\\ConnectionFactory->Illuminate\\Database\\Connectors\\{closure}()
#6 /Users/seydou/Projects/Laravel/Brief9/vendor/laravel/framework/src/Illuminate/Database/Connection.php(1319): call_user_func(Object(Closure))
#7 /Users/seydou/Projects/Laravel/Brief9/vendor/laravel/framework/src/Illuminate/Database/Connection.php(521): Illuminate\\Database\\Connection->getPdo()
#8 /Users/seydou/Projects/Laravel/Brief9/vendor/laravel/framework/src/Illuminate/Database/Connection.php(416): Illuminate\\Database\\Connection->getPdoForSelect(false)
#9 /Users/seydou/Projects/Laravel/Brief9/vendor/laravel/framework/src/Illuminate/Database/Connection.php(809): Illuminate\\Database\\Connection->Illuminate\\Database\\{closure}('select table_na...', Array)
#10 /Users/seydou/Projects/Laravel/Brief9/vendor/laravel/framework/src/Illuminate/Database/Connection.php(976): Illuminate\\Database\\Connection->runQueryCallback('select table_na...', Array, Object(Closure))
#11 /Users/seydou/Projects/Laravel/Brief9/vendor/laravel/framework/src/Illuminate/Database/Connection.php(955): Illuminate\\Database\\Connection->tryAgainIfCausedByLostConnection(Object(Illuminate\\Database\\QueryException), 'select table_na...', Array, Object(Closure))
#12 /Users/seydou/Projects/Laravel/Brief9/vendor/laravel/framework/src/Illuminate/Database/Connection.php(778): Illuminate\\Database\\Connection->handleQueryException(Object(Illuminate\\Database\\QueryException), 'select table_na...', Array, Object(Closure))
#13 /Users/seydou/Projects/Laravel/Brief9/vendor/laravel/framework/src/Illuminate/Database/Connection.php(407): Illuminate\\Database\\Connection->run('select table_na...', Array, Object(Closure))
#14 /Users/seydou/Projects/Laravel/Brief9/vendor/laravel/framework/src/Illuminate/Database/Connection.php(394): Illuminate\\Database\\Connection->select('select table_na...', Array, false)
#15 /Users/seydou/Projects/Laravel/Brief9/vendor/laravel/framework/src/Illuminate/Database/Schema/MySqlBuilder.php(41): Illuminate\\Database\\Connection->selectFromWriteConnection('select table_na...')
#16 /Users/seydou/Projects/Laravel/Brief9/vendor/laravel/framework/src/Illuminate/Database/Schema/Builder.php(162): Illuminate\\Database\\Schema\\MySqlBuilder->getTables()
#17 /Users/seydou/Projects/Laravel/Brief9/vendor/laravel/framework/src/Illuminate/Database/Migrations/DatabaseMigrationRepository.php(184): Illuminate\\Database\\Schema\\Builder->hasTable('migrations')
#18 /Users/seydou/Projects/Laravel/Brief9/vendor/laravel/framework/src/Illuminate/Database/Migrations/Migrator.php(700): Illuminate\\Database\\Migrations\\DatabaseMigrationRepository->repositoryExists()
#19 /Users/seydou/Projects/Laravel/Brief9/vendor/laravel/framework/src/Illuminate/Database/Console/Migrations/MigrateCommand.php(140): Illuminate\\Database\\Migrations\\Migrator->repositoryExists()
#20 /Users/seydou/Projects/Laravel/Brief9/vendor/laravel/framework/src/Illuminate/Support/helpers.php(248): Illuminate\\Database\\Console\\Migrations\\MigrateCommand->Illuminate\\Database\\Console\\Migrations\\{closure}(1)
#21 /Users/seydou/Projects/Laravel/Brief9/vendor/laravel/framework/src/Illuminate/Database/Console/Migrations/MigrateCommand.php(140): retry(1, Object(Closure), 0, Object(Closure))
#22 /Users/seydou/Projects/Laravel/Brief9/vendor/laravel/framework/src/Illuminate/Database/Console/Migrations/MigrateCommand.php(116): Illuminate\\Database\\Console\\Migrations\\MigrateCommand->repositoryExists()
#23 /Users/seydou/Projects/Laravel/Brief9/vendor/laravel/framework/src/Illuminate/Database/Console/Migrations/MigrateCommand.php(84): Illuminate\\Database\\Console\\Migrations\\MigrateCommand->prepareDatabase()
#24 /Users/seydou/Projects/Laravel/Brief9/vendor/laravel/framework/src/Illuminate/Database/Migrations/Migrator.php(633): Illuminate\\Database\\Console\\Migrations\\MigrateCommand->Illuminate\\Database\\Console\\Migrations\\{closure}()
#25 /Users/seydou/Projects/Laravel/Brief9/vendor/laravel/framework/src/Illuminate/Database/Console/Migrations/MigrateCommand.php(83): Illuminate\\Database\\Migrations\\Migrator->usingConnection(NULL, Object(Closure))
#26 /Users/seydou/Projects/Laravel/Brief9/vendor/laravel/framework/src/Illuminate/Container/BoundMethod.php(36): Illuminate\\Database\\Console\\Migrations\\MigrateCommand->handle()
#27 /Users/seydou/Projects/Laravel/Brief9/vendor/laravel/framework/src/Illuminate/Container/Util.php(41): Illuminate\\Container\\BoundMethod::Illuminate\\Container\\{closure}()
#28 /Users/seydou/Projects/Laravel/Brief9/vendor/laravel/framework/src/Illuminate/Container/BoundMethod.php(93): Illuminate\\Container\\Util::unwrapIfClosure(Object(Closure))
#29 /Users/seydou/Projects/Laravel/Brief9/vendor/laravel/framework/src/Illuminate/Container/BoundMethod.php(35): Illuminate\\Container\\BoundMethod::callBoundMethod(Object(Illuminate\\Foundation\\Application), Array, Object(Closure))
#30 /Users/seydou/Projects/Laravel/Brief9/vendor/laravel/framework/src/Illuminate/Container/Container.php(662): Illuminate\\Container\\BoundMethod::call(Object(Illuminate\\Foundation\\Application), Array, Array, NULL)
#31 /Users/seydou/Projects/Laravel/Brief9/vendor/laravel/framework/src/Illuminate/Console/Command.php(211): Illuminate\\Container\\Container->call(Array)
#32 /Users/seydou/Projects/Laravel/Brief9/vendor/symfony/console/Command/Command.php(326): Illuminate\\Console\\Command->execute(Object(Symfony\\Component\\Console\\Input\\ArgvInput), Object(Illuminate\\Console\\OutputStyle))
#33 /Users/seydou/Projects/Laravel/Brief9/vendor/laravel/framework/src/Illuminate/Console/Command.php(180): Symfony\\Component\\Console\\Command\\Command->run(Object(Symfony\\Component\\Console\\Input\\ArgvInput), Object(Illuminate\\Console\\OutputStyle))
#34 /Users/seydou/Projects/Laravel/Brief9/vendor/symfony/console/Application.php(1096): Illuminate\\Console\\Command->run(Object(Symfony\\Component\\Console\\Input\\ArgvInput), Object(Symfony\\Component\\Console\\Output\\ConsoleOutput))
#35 /Users/seydou/Projects/Laravel/Brief9/vendor/symfony/console/Application.php(324): Symfony\\Component\\Console\\Application->doRunCommand(Object(Illuminate\\Database\\Console\\Migrations\\MigrateCommand), Object(Symfony\\Component\\Console\\Input\\ArgvInput), Object(Symfony\\Component\\Console\\Output\\ConsoleOutput))
#36 /Users/seydou/Projects/Laravel/Brief9/vendor/symfony/console/Application.php(175): Symfony\\Component\\Console\\Application->doRun(Object(Symfony\\Component\\Console\\Input\\ArgvInput), Object(Symfony\\Component\\Console\\Output\\ConsoleOutput))
#37 /Users/seydou/Projects/Laravel/Brief9/vendor/laravel/framework/src/Illuminate/Foundation/Console/Kernel.php(201): Symfony\\Component\\Console\\Application->run(Object(Symfony\\Component\\Console\\Input\\ArgvInput), Object(Symfony\\Component\\Console\\Output\\ConsoleOutput))
#38 /Users/seydou/Projects/Laravel/Brief9/artisan(35): Illuminate\\Foundation\\Console\\Kernel->handle(Object(Symfony\\Component\\Console\\Input\\ArgvInput), Object(Symfony\\Component\\Console\\Output\\ConsoleOutput))
#39 {main}
"} 
[2023-12-18 16:17:59] local.ERROR: SQLSTATE[42S21]: Column already exists: 1060 Duplicate column name 'email_verified_at' (Connection: mysql, SQL: create table `users` (`id` bigint unsigned not null auto_increment primary key, `name` varchar(255) not null, `telephone` varchar(255) not null, `email` varchar(255) not null, `email_verified_at` timestamp null, `password` varchar(255) not null, `est_archiver` tinyint(1) not null default '0', `email_verified_at` timestamp null, `remember_token` varchar(100) null, `created_at` timestamp null, `updated_at` timestamp null) default character set utf8mb4 collate 'utf8mb4_unicode_ci') {"exception":"[object] (Illuminate\\Database\\QueryException(code: 42S21): SQLSTATE[42S21]: Column already exists: 1060 Duplicate column name 'email_verified_at' (Connection: mysql, SQL: create table `users` (`id` bigint unsigned not null auto_increment primary key, `name` varchar(255) not null, `telephone` varchar(255) not null, `email` varchar(255) not null, `email_verified_at` timestamp null, `password` varchar(255) not null, `est_archiver` tinyint(1) not null default '0', `email_verified_at` timestamp null, `remember_token` varchar(100) null, `created_at` timestamp null, `updated_at` timestamp null) default character set utf8mb4 collate 'utf8mb4_unicode_ci') at /Users/seydou/Projects/Laravel/Brief9/vendor/laravel/framework/src/Illuminate/Database/Connection.php:822)
[stacktrace]
#0 /Users/seydou/Projects/Laravel/Brief9/vendor/laravel/framework/src/Illuminate/Database/Connection.php(776): Illuminate\\Database\\Connection->runQueryCallback('create table `u...', Array, Object(Closure))
#1 /Users/seydou/Projects/Laravel/Brief9/vendor/laravel/framework/src/Illuminate/Database/Connection.php(569): Illuminate\\Database\\Connection->run('create table `u...', Array, Object(Closure))
#2 /Users/seydou/Projects/Laravel/Brief9/vendor/laravel/framework/src/Illuminate/Database/Schema/Blueprint.php(110): Illuminate\\Database\\Connection->statement('create table `u...')
#3 /Users/seydou/Projects/Laravel/Brief9/vendor/laravel/framework/src/Illuminate/Database/Schema/Builder.php(552): Illuminate\\Database\\Schema\\Blueprint->build(Object(Illuminate\\Database\\MySqlConnection), Object(Illuminate\\Database\\Schema\\Grammars\\MySqlGrammar))
#4 /Users/seydou/Projects/Laravel/Brief9/vendor/laravel/framework/src/Illuminate/Database/Schema/Builder.php(406): Illuminate\\Database\\Schema\\Builder->build(Object(Illuminate\\Database\\Schema\\Blueprint))
#5 /Users/seydou/Projects/Laravel/Brief9/vendor/laravel/framework/src/Illuminate/Support/Facades/Facade.php(355): Illuminate\\Database\\Schema\\Builder->create('users', Object(Closure))
#6 /Users/seydou/Projects/Laravel/Brief9/database/migrations/2023_12_18_151338_create_users_table.php(14): Illuminate\\Support\\Facades\\Facade::__callStatic('create', Array)
#7 /Users/seydou/Projects/Laravel/Brief9/vendor/laravel/framework/src/Illuminate/Database/Migrations/Migrator.php(493): Illuminate\\Database\\Migrations\\Migration@anonymous->up()
#8 /Users/seydou/Projects/Laravel/Brief9/vendor/laravel/framework/src/Illuminate/Database/Migrations/Migrator.php(410): Illuminate\\Database\\Migrations\\Migrator->runMethod(Object(Illuminate\\Database\\MySqlConnection), Object(Illuminate\\Database\\Migrations\\Migration@anonymous), 'up')
#9 /Users/seydou/Projects/Laravel/Brief9/vendor/laravel/framework/src/Illuminate/Database/Migrations/Migrator.php(419): Illuminate\\Database\\Migrations\\Migrator->Illuminate\\Database\\Migrations\\{closure}()
#10 /Users/seydou/Projects/Laravel/Brief9/vendor/laravel/framework/src/Illuminate/Database/Migrations/Migrator.php(216): Illuminate\\Database\\Migrations\\Migrator->runMigration(Object(Illuminate\\Database\\Migrations\\Migration@anonymous), 'up')
#11 /Users/seydou/Projects/Laravel/Brief9/vendor/laravel/framework/src/Illuminate/Console/View/Components/Task.php(37): Illuminate\\Database\\Migrations\\Migrator->Illuminate\\Database\\Migrations\\{closure}()
#12 /Users/seydou/Projects/Laravel/Brief9/vendor/laravel/framework/src/Illuminate/Database/Migrations/Migrator.php(756): Illuminate\\Console\\View\\Components\\Task->render('2023_12_18_1513...', Object(Closure))
#13 /Users/seydou/Projects/Laravel/Brief9/vendor/laravel/framework/src/Illuminate/Database/Migrations/Migrator.php(216): Illuminate\\Database\\Migrations\\Migrator->write('Illuminate\\\\Cons...', '2023_12_18_1513...', Object(Closure))
#14 /Users/seydou/Projects/Laravel/Brief9/vendor/laravel/framework/src/Illuminate/Database/Migrations/Migrator.php(181): Illuminate\\Database\\Migrations\\Migrator->runUp('/Users/seydou/P...', 1, false)
#15 /Users/seydou/Projects/Laravel/Brief9/vendor/laravel/framework/src/Illuminate/Database/Migrations/Migrator.php(124): Illuminate\\Database\\Migrations\\Migrator->runPending(Array, Array)
#16 /Users/seydou/Projects/Laravel/Brief9/vendor/laravel/framework/src/Illuminate/Database/Console/Migrations/MigrateCommand.php(90): Illuminate\\Database\\Migrations\\Migrator->run(Array, Array)
#17 /Users/seydou/Projects/Laravel/Brief9/vendor/laravel/framework/src/Illuminate/Database/Migrations/Migrator.php(633): Illuminate\\Database\\Console\\Migrations\\MigrateCommand->Illuminate\\Database\\Console\\Migrations\\{closure}()
#18 /Users/seydou/Projects/Laravel/Brief9/vendor/laravel/framework/src/Illuminate/Database/Console/Migrations/MigrateCommand.php(83): Illuminate\\Database\\Migrations\\Migrator->usingConnection(NULL, Object(Closure))
#19 /Users/seydou/Projects/Laravel/Brief9/vendor/laravel/framework/src/Illuminate/Container/BoundMethod.php(36): Illuminate\\Database\\Console\\Migrations\\MigrateCommand->handle()
#20 /Users/seydou/Projects/Laravel/Brief9/vendor/laravel/framework/src/Illuminate/Container/Util.php(41): Illuminate\\Container\\BoundMethod::Illuminate\\Container\\{closure}()
#21 /Users/seydou/Projects/Laravel/Brief9/vendor/laravel/framework/src/Illuminate/Container/BoundMethod.php(93): Illuminate\\Container\\Util::unwrapIfClosure(Object(Closure))
#22 /Users/seydou/Projects/Laravel/Brief9/vendor/laravel/framework/src/Illuminate/Container/BoundMethod.php(35): Illuminate\\Container\\BoundMethod::callBoundMethod(Object(Illuminate\\Foundation\\Application), Array, Object(Closure))
#23 /Users/seydou/Projects/Laravel/Brief9/vendor/laravel/framework/src/Illuminate/Container/Container.php(662): Illuminate\\Container\\BoundMethod::call(Object(Illuminate\\Foundation\\Application), Array, Array, NULL)
#24 /Users/seydou/Projects/Laravel/Brief9/vendor/laravel/framework/src/Illuminate/Console/Command.php(211): Illuminate\\Container\\Container->call(Array)
#25 /Users/seydou/Projects/Laravel/Brief9/vendor/symfony/console/Command/Command.php(326): Illuminate\\Console\\Command->execute(Object(Symfony\\Component\\Console\\Input\\ArgvInput), Object(Illuminate\\Console\\OutputStyle))
#26 /Users/seydou/Projects/Laravel/Brief9/vendor/laravel/framework/src/Illuminate/Console/Command.php(180): Symfony\\Component\\Console\\Command\\Command->run(Object(Symfony\\Component\\Console\\Input\\ArgvInput), Object(Illuminate\\Console\\OutputStyle))
#27 /Users/seydou/Projects/Laravel/Brief9/vendor/symfony/console/Application.php(1096): Illuminate\\Console\\Command->run(Object(Symfony\\Component\\Console\\Input\\ArgvInput), Object(Symfony\\Component\\Console\\Output\\ConsoleOutput))
#28 /Users/seydou/Projects/Laravel/Brief9/vendor/symfony/console/Application.php(324): Symfony\\Component\\Console\\Application->doRunCommand(Object(Illuminate\\Database\\Console\\Migrations\\MigrateCommand), Object(Symfony\\Component\\Console\\Input\\ArgvInput), Object(Symfony\\Component\\Console\\Output\\ConsoleOutput))
#29 /Users/seydou/Projects/Laravel/Brief9/vendor/symfony/console/Application.php(175): Symfony\\Component\\Console\\Application->doRun(Object(Symfony\\Component\\Console\\Input\\ArgvInput), Object(Symfony\\Component\\Console\\Output\\ConsoleOutput))
#30 /Users/seydou/Projects/Laravel/Brief9/vendor/laravel/framework/src/Illuminate/Foundation/Console/Kernel.php(201): Symfony\\Component\\Console\\Application->run(Object(Symfony\\Component\\Console\\Input\\ArgvInput), Object(Symfony\\Component\\Console\\Output\\ConsoleOutput))
#31 /Users/seydou/Projects/Laravel/Brief9/artisan(35): Illuminate\\Foundation\\Console\\Kernel->handle(Object(Symfony\\Component\\Console\\Input\\ArgvInput), Object(Symfony\\Component\\Console\\Output\\ConsoleOutput))
#32 {main}

[previous exception] [object] (PDOException(code: 42S21): SQLSTATE[42S21]: Column already exists: 1060 Duplicate column name 'email_verified_at' at /Users/seydou/Projects/Laravel/Brief9/vendor/laravel/framework/src/Illuminate/Database/Connection.php:580)
[stacktrace]
#0 /Users/seydou/Projects/Laravel/Brief9/vendor/laravel/framework/src/Illuminate/Database/Connection.php(580): PDOStatement->execute()
#1 /Users/seydou/Projects/Laravel/Brief9/vendor/laravel/framework/src/Illuminate/Database/Connection.php(809): Illuminate\\Database\\Connection->Illuminate\\Database\\{closure}('create table `u...', Array)
#2 /Users/seydou/Projects/Laravel/Brief9/vendor/laravel/framework/src/Illuminate/Database/Connection.php(776): Illuminate\\Database\\Connection->runQueryCallback('create table `u...', Array, Object(Closure))
#3 /Users/seydou/Projects/Laravel/Brief9/vendor/laravel/framework/src/Illuminate/Database/Connection.php(569): Illuminate\\Database\\Connection->run('create table `u...', Array, Object(Closure))
#4 /Users/seydou/Projects/Laravel/Brief9/vendor/laravel/framework/src/Illuminate/Database/Schema/Blueprint.php(110): Illuminate\\Database\\Connection->statement('create table `u...')
#5 /Users/seydou/Projects/Laravel/Brief9/vendor/laravel/framework/src/Illuminate/Database/Schema/Builder.php(552): Illuminate\\Database\\Schema\\Blueprint->build(Object(Illuminate\\Database\\MySqlConnection), Object(Illuminate\\Database\\Schema\\Grammars\\MySqlGrammar))
#6 /Users/seydou/Projects/Laravel/Brief9/vendor/laravel/framework/src/Illuminate/Database/Schema/Builder.php(406): Illuminate\\Database\\Schema\\Builder->build(Object(Illuminate\\Database\\Schema\\Blueprint))
#7 /Users/seydou/Projects/Laravel/Brief9/vendor/laravel/framework/src/Illuminate/Support/Facades/Facade.php(355): Illuminate\\Database\\Schema\\Builder->create('users', Object(Closure))
#8 /Users/seydou/Projects/Laravel/Brief9/database/migrations/2023_12_18_151338_create_users_table.php(14): Illuminate\\Support\\Facades\\Facade::__callStatic('create', Array)
#9 /Users/seydou/Projects/Laravel/Brief9/vendor/laravel/framework/src/Illuminate/Database/Migrations/Migrator.php(493): Illuminate\\Database\\Migrations\\Migration@anonymous->up()
#10 /Users/seydou/Projects/Laravel/Brief9/vendor/laravel/framework/src/Illuminate/Database/Migrations/Migrator.php(410): Illuminate\\Database\\Migrations\\Migrator->runMethod(Object(Illuminate\\Database\\MySqlConnection), Object(Illuminate\\Database\\Migrations\\Migration@anonymous), 'up')
#11 /Users/seydou/Projects/Laravel/Brief9/vendor/laravel/framework/src/Illuminate/Database/Migrations/Migrator.php(419): Illuminate\\Database\\Migrations\\Migrator->Illuminate\\Database\\Migrations\\{closure}()
#12 /Users/seydou/Projects/Laravel/Brief9/vendor/laravel/framework/src/Illuminate/Database/Migrations/Migrator.php(216): Illuminate\\Database\\Migrations\\Migrator->runMigration(Object(Illuminate\\Database\\Migrations\\Migration@anonymous), 'up')
#13 /Users/seydou/Projects/Laravel/Brief9/vendor/laravel/framework/src/Illuminate/Console/View/Components/Task.php(37): Illuminate\\Database\\Migrations\\Migrator->Illuminate\\Database\\Migrations\\{closure}()
#14 /Users/seydou/Projects/Laravel/Brief9/vendor/laravel/framework/src/Illuminate/Database/Migrations/Migrator.php(756): Illuminate\\Console\\View\\Components\\Task->render('2023_12_18_1513...', Object(Closure))
#15 /Users/seydou/Projects/Laravel/Brief9/vendor/laravel/framework/src/Illuminate/Database/Migrations/Migrator.php(216): Illuminate\\Database\\Migrations\\Migrator->write('Illuminate\\\\Cons...', '2023_12_18_1513...', Object(Closure))
#16 /Users/seydou/Projects/Laravel/Brief9/vendor/laravel/framework/src/Illuminate/Database/Migrations/Migrator.php(181): Illuminate\\Database\\Migrations\\Migrator->runUp('/Users/seydou/P...', 1, false)
#17 /Users/seydou/Projects/Laravel/Brief9/vendor/laravel/framework/src/Illuminate/Database/Migrations/Migrator.php(124): Illuminate\\Database\\Migrations\\Migrator->runPending(Array, Array)
#18 /Users/seydou/Projects/Laravel/Brief9/vendor/laravel/framework/src/Illuminate/Database/Console/Migrations/MigrateCommand.php(90): Illuminate\\Database\\Migrations\\Migrator->run(Array, Array)
#19 /Users/seydou/Projects/Laravel/Brief9/vendor/laravel/framework/src/Illuminate/Database/Migrations/Migrator.php(633): Illuminate\\Database\\Console\\Migrations\\MigrateCommand->Illuminate\\Database\\Console\\Migrations\\{closure}()
#20 /Users/seydou/Projects/Laravel/Brief9/vendor/laravel/framework/src/Illuminate/Database/Console/Migrations/MigrateCommand.php(83): Illuminate\\Database\\Migrations\\Migrator->usingConnection(NULL, Object(Closure))
#21 /Users/seydou/Projects/Laravel/Brief9/vendor/laravel/framework/src/Illuminate/Container/BoundMethod.php(36): Illuminate\\Database\\Console\\Migrations\\MigrateCommand->handle()
#22 /Users/seydou/Projects/Laravel/Brief9/vendor/laravel/framework/src/Illuminate/Container/Util.php(41): Illuminate\\Container\\BoundMethod::Illuminate\\Container\\{closure}()
#23 /Users/seydou/Projects/Laravel/Brief9/vendor/laravel/framework/src/Illuminate/Container/BoundMethod.php(93): Illuminate\\Container\\Util::unwrapIfClosure(Object(Closure))
#24 /Users/seydou/Projects/Laravel/Brief9/vendor/laravel/framework/src/Illuminate/Container/BoundMethod.php(35): Illuminate\\Container\\BoundMethod::callBoundMethod(Object(Illuminate\\Foundation\\Application), Array, Object(Closure))
#25 /Users/seydou/Projects/Laravel/Brief9/vendor/laravel/framework/src/Illuminate/Container/Container.php(662): Illuminate\\Container\\BoundMethod::call(Object(Illuminate\\Foundation\\Application), Array, Array, NULL)
#26 /Users/seydou/Projects/Laravel/Brief9/vendor/laravel/framework/src/Illuminate/Console/Command.php(211): Illuminate\\Container\\Container->call(Array)
#27 /Users/seydou/Projects/Laravel/Brief9/vendor/symfony/console/Command/Command.php(326): Illuminate\\Console\\Command->execute(Object(Symfony\\Component\\Console\\Input\\ArgvInput), Object(Illuminate\\Console\\OutputStyle))
#28 /Users/seydou/Projects/Laravel/Brief9/vendor/laravel/framework/src/Illuminate/Console/Command.php(180): Symfony\\Component\\Console\\Command\\Command->run(Object(Symfony\\Component\\Console\\Input\\ArgvInput), Object(Illuminate\\Console\\OutputStyle))
#29 /Users/seydou/Projects/Laravel/Brief9/vendor/symfony/console/Application.php(1096): Illuminate\\Console\\Command->run(Object(Symfony\\Component\\Console\\Input\\ArgvInput), Object(Symfony\\Component\\Console\\Output\\ConsoleOutput))
#30 /Users/seydou/Projects/Laravel/Brief9/vendor/symfony/console/Application.php(324): Symfony\\Component\\Console\\Application->doRunCommand(Object(Illuminate\\Database\\Console\\Migrations\\MigrateCommand), Object(Symfony\\Component\\Console\\Input\\ArgvInput), Object(Symfony\\Component\\Console\\Output\\ConsoleOutput))
#31 /Users/seydou/Projects/Laravel/Brief9/vendor/symfony/console/Application.php(175): Symfony\\Component\\Console\\Application->doRun(Object(Symfony\\Component\\Console\\Input\\ArgvInput), Object(Symfony\\Component\\Console\\Output\\ConsoleOutput))
#32 /Users/seydou/Projects/Laravel/Brief9/vendor/laravel/framework/src/Illuminate/Foundation/Console/Kernel.php(201): Symfony\\Component\\Console\\Application->run(Object(Symfony\\Component\\Console\\Input\\ArgvInput), Object(Symfony\\Component\\Console\\Output\\ConsoleOutput))
#33 /Users/seydou/Projects/Laravel/Brief9/artisan(35): Illuminate\\Foundation\\Console\\Kernel->handle(Object(Symfony\\Component\\Console\\Input\\ArgvInput), Object(Symfony\\Component\\Console\\Output\\ConsoleOutput))
#34 {main}
"} 
[2023-12-18 16:28:29] local.ERROR: The "-a" option does not exist. {"exception":"[object] (Symfony\\Component\\Console\\Exception\\RuntimeException(code: 0): The \"-a\" option does not exist. at /Users/seydou/Projects/Laravel/Brief9/vendor/symfony/console/Input/ArgvInput.php:208)
[stacktrace]
#0 /Users/seydou/Projects/Laravel/Brief9/vendor/symfony/console/Input/ArgvInput.php(110): Symfony\\Component\\Console\\Input\\ArgvInput->addShortOption('a', NULL)
#1 /Users/seydou/Projects/Laravel/Brief9/vendor/symfony/console/Input/ArgvInput.php(87): Symfony\\Component\\Console\\Input\\ArgvInput->parseShortOption('-a')
#2 /Users/seydou/Projects/Laravel/Brief9/vendor/symfony/console/Input/ArgvInput.php(74): Symfony\\Component\\Console\\Input\\ArgvInput->parseToken('-a', true)
#3 /Users/seydou/Projects/Laravel/Brief9/vendor/symfony/console/Input/Input.php(56): Symfony\\Component\\Console\\Input\\ArgvInput->parse()
#4 /Users/seydou/Projects/Laravel/Brief9/vendor/symfony/console/Command/Command.php(285): Symfony\\Component\\Console\\Input\\Input->bind(Object(Symfony\\Component\\Console\\Input\\InputDefinition))
#5 /Users/seydou/Projects/Laravel/Brief9/vendor/laravel/framework/src/Illuminate/Console/Command.php(180): Symfony\\Component\\Console\\Command\\Command->run(Object(Symfony\\Component\\Console\\Input\\ArgvInput), Object(Illuminate\\Console\\OutputStyle))
#6 /Users/seydou/Projects/Laravel/Brief9/vendor/symfony/console/Application.php(1096): Illuminate\\Console\\Command->run(Object(Symfony\\Component\\Console\\Input\\ArgvInput), Object(Symfony\\Component\\Console\\Output\\ConsoleOutput))
#7 /Users/seydou/Projects/Laravel/Brief9/vendor/symfony/console/Application.php(324): Symfony\\Component\\Console\\Application->doRunCommand(Object(Illuminate\\Routing\\Console\\ControllerMakeCommand), Object(Symfony\\Component\\Console\\Input\\ArgvInput), Object(Symfony\\Component\\Console\\Output\\ConsoleOutput))
#8 /Users/seydou/Projects/Laravel/Brief9/vendor/symfony/console/Application.php(175): Symfony\\Component\\Console\\Application->doRun(Object(Symfony\\Component\\Console\\Input\\ArgvInput), Object(Symfony\\Component\\Console\\Output\\ConsoleOutput))
#9 /Users/seydou/Projects/Laravel/Brief9/vendor/laravel/framework/src/Illuminate/Foundation/Console/Kernel.php(201): Symfony\\Component\\Console\\Application->run(Object(Symfony\\Component\\Console\\Input\\ArgvInput), Object(Symfony\\Component\\Console\\Output\\ConsoleOutput))
#10 /Users/seydou/Projects/Laravel/Brief9/artisan(35): Illuminate\\Foundation\\Console\\Kernel->handle(Object(Symfony\\Component\\Console\\Input\\ArgvInput), Object(Symfony\\Component\\Console\\Output\\ConsoleOutput))
#11 {main}
"} 
[2023-12-18 16:35:53] local.ERROR: There are no commands defined in the "ide-helper" namespace. {"exception":"[object] (Symfony\\Component\\Console\\Exception\\NamespaceNotFoundException(code: 0): There are no commands defined in the \"ide-helper\" namespace. at /Users/seydou/Projects/Laravel/Brief9/vendor/symfony/console/Application.php:669)
[stacktrace]
#0 /Users/seydou/Projects/Laravel/Brief9/vendor/symfony/console/Application.php(720): Symfony\\Component\\Console\\Application->findNamespace('ide-helper')
#1 /Users/seydou/Projects/Laravel/Brief9/vendor/symfony/console/Application.php(266): Symfony\\Component\\Console\\Application->find('ide-helper:mode...')
#2 /Users/seydou/Projects/Laravel/Brief9/vendor/symfony/console/Application.php(175): Symfony\\Component\\Console\\Application->doRun(Object(Symfony\\Component\\Console\\Input\\ArgvInput), Object(Symfony\\Component\\Console\\Output\\ConsoleOutput))
#3 /Users/seydou/Projects/Laravel/Brief9/vendor/laravel/framework/src/Illuminate/Foundation/Console/Kernel.php(201): Symfony\\Component\\Console\\Application->run(Object(Symfony\\Component\\Console\\Input\\ArgvInput), Object(Symfony\\Component\\Console\\Output\\ConsoleOutput))
#4 /Users/seydou/Projects/Laravel/Brief9/artisan(35): Illuminate\\Foundation\\Console\\Kernel->handle(Object(Symfony\\Component\\Console\\Input\\ArgvInput), Object(Symfony\\Component\\Console\\Output\\ConsoleOutput))
#5 {main}
"} 
[2023-12-18 17:26:12] local.ERROR: No arguments expected for "migrate" command, got "fresh". {"exception":"[object] (Symfony\\Component\\Console\\Exception\\RuntimeException(code: 0): No arguments expected for \"migrate\" command, got \"fresh\". at /Users/seydou/Projects/Laravel/Brief9/vendor/symfony/console/Input/ArgvInput.php:196)
[stacktrace]
#0 /Users/seydou/Projects/Laravel/Brief9/vendor/symfony/console/Input/ArgvInput.php(89): Symfony\\Component\\Console\\Input\\ArgvInput->parseArgument('fresh')
#1 /Users/seydou/Projects/Laravel/Brief9/vendor/symfony/console/Input/ArgvInput.php(74): Symfony\\Component\\Console\\Input\\ArgvInput->parseToken('fresh', true)
#2 /Users/seydou/Projects/Laravel/Brief9/vendor/symfony/console/Input/Input.php(56): Symfony\\Component\\Console\\Input\\ArgvInput->parse()
#3 /Users/seydou/Projects/Laravel/Brief9/vendor/symfony/console/Command/Command.php(285): Symfony\\Component\\Console\\Input\\Input->bind(Object(Symfony\\Component\\Console\\Input\\InputDefinition))
#4 /Users/seydou/Projects/Laravel/Brief9/vendor/laravel/framework/src/Illuminate/Console/Command.php(180): Symfony\\Component\\Console\\Command\\Command->run(Object(Symfony\\Component\\Console\\Input\\ArgvInput), Object(Illuminate\\Console\\OutputStyle))
#5 /Users/seydou/Projects/Laravel/Brief9/vendor/symfony/console/Application.php(1096): Illuminate\\Console\\Command->run(Object(Symfony\\Component\\Console\\Input\\ArgvInput), Object(Symfony\\Component\\Console\\Output\\ConsoleOutput))
#6 /Users/seydou/Projects/Laravel/Brief9/vendor/symfony/console/Application.php(324): Symfony\\Component\\Console\\Application->doRunCommand(Object(Illuminate\\Database\\Console\\Migrations\\MigrateCommand), Object(Symfony\\Component\\Console\\Input\\ArgvInput), Object(Symfony\\Component\\Console\\Output\\ConsoleOutput))
#7 /Users/seydou/Projects/Laravel/Brief9/vendor/symfony/console/Application.php(175): Symfony\\Component\\Console\\Application->doRun(Object(Symfony\\Component\\Console\\Input\\ArgvInput), Object(Symfony\\Component\\Console\\Output\\ConsoleOutput))
#8 /Users/seydou/Projects/Laravel/Brief9/vendor/laravel/framework/src/Illuminate/Foundation/Console/Kernel.php(201): Symfony\\Component\\Console\\Application->run(Object(Symfony\\Component\\Console\\Input\\ArgvInput), Object(Symfony\\Component\\Console\\Output\\ConsoleOutput))
#9 /Users/seydou/Projects/Laravel/Brief9/artisan(35): Illuminate\\Foundation\\Console\\Kernel->handle(Object(Symfony\\Component\\Console\\Input\\ArgvInput), Object(Symfony\\Component\\Console\\Output\\ConsoleOutput))
#10 {main}
"} 
[2023-12-18 17:26:21] local.ERROR: The "--fresh" option does not exist. {"exception":"[object] (Symfony\\Component\\Console\\Exception\\RuntimeException(code: 0): The \"--fresh\" option does not exist. at /Users/seydou/Projects/Laravel/Brief9/vendor/symfony/console/Input/ArgvInput.php:223)
[stacktrace]
#0 /Users/seydou/Projects/Laravel/Brief9/vendor/symfony/console/Input/ArgvInput.php(152): Symfony\\Component\\Console\\Input\\ArgvInput->addLongOption('fresh', NULL)
#1 /Users/seydou/Projects/Laravel/Brief9/vendor/symfony/console/Input/ArgvInput.php(85): Symfony\\Component\\Console\\Input\\ArgvInput->parseLongOption('--fresh')
#2 /Users/seydou/Projects/Laravel/Brief9/vendor/symfony/console/Input/ArgvInput.php(74): Symfony\\Component\\Console\\Input\\ArgvInput->parseToken('--fresh', true)
#3 /Users/seydou/Projects/Laravel/Brief9/vendor/symfony/console/Input/Input.php(56): Symfony\\Component\\Console\\Input\\ArgvInput->parse()
#4 /Users/seydou/Projects/Laravel/Brief9/vendor/symfony/console/Command/Command.php(285): Symfony\\Component\\Console\\Input\\Input->bind(Object(Symfony\\Component\\Console\\Input\\InputDefinition))
#5 /Users/seydou/Projects/Laravel/Brief9/vendor/laravel/framework/src/Illuminate/Console/Command.php(180): Symfony\\Component\\Console\\Command\\Command->run(Object(Symfony\\Component\\Console\\Input\\ArgvInput), Object(Illuminate\\Console\\OutputStyle))
#6 /Users/seydou/Projects/Laravel/Brief9/vendor/symfony/console/Application.php(1096): Illuminate\\Console\\Command->run(Object(Symfony\\Component\\Console\\Input\\ArgvInput), Object(Symfony\\Component\\Console\\Output\\ConsoleOutput))
#7 /Users/seydou/Projects/Laravel/Brief9/vendor/symfony/console/Application.php(324): Symfony\\Component\\Console\\Application->doRunCommand(Object(Illuminate\\Database\\Console\\Migrations\\MigrateCommand), Object(Symfony\\Component\\Console\\Input\\ArgvInput), Object(Symfony\\Component\\Console\\Output\\ConsoleOutput))
#8 /Users/seydou/Projects/Laravel/Brief9/vendor/symfony/console/Application.php(175): Symfony\\Component\\Console\\Application->doRun(Object(Symfony\\Component\\Console\\Input\\ArgvInput), Object(Symfony\\Component\\Console\\Output\\ConsoleOutput))
#9 /Users/seydou/Projects/Laravel/Brief9/vendor/laravel/framework/src/Illuminate/Foundation/Console/Kernel.php(201): Symfony\\Component\\Console\\Application->run(Object(Symfony\\Component\\Console\\Input\\ArgvInput), Object(Symfony\\Component\\Console\\Output\\ConsoleOutput))
#10 /Users/seydou/Projects/Laravel/Brief9/artisan(35): Illuminate\\Foundation\\Console\\Kernel->handle(Object(Symfony\\Component\\Console\\Input\\ArgvInput), Object(Symfony\\Component\\Console\\Output\\ConsoleOutput))
#11 {main}
"} 
[2023-12-19 17:38:53] local.ERROR: syntax error, unexpected identifier "HasFactory", expecting "function" or "const" {"exception":"[object] (Symfony\\Component\\ErrorHandler\\Error\\FatalError(code: 0): syntax error, unexpected identifier \"HasFactory\", expecting \"function\" or \"const\" at /Users/seydou/Projects/Laravel/Brief9/app/Models/Candidature.php:13)
[stacktrace]
#0 {main}
"} 
[2023-12-19 17:38:53] local.ERROR: syntax error, unexpected identifier "HasFactory", expecting "function" or "const" {"exception":"[object] (Symfony\\Component\\ErrorHandler\\Error\\FatalError(code: 0): syntax error, unexpected identifier \"HasFactory\", expecting \"function\" or \"const\" at /Users/seydou/Projects/Laravel/Brief9/app/Models/Candidature.php:13)
[stacktrace]
#0 {main}
"} 
[2023-12-19 17:39:53] local.ERROR: syntax error, unexpected identifier "HasFactory", expecting "function" or "const" {"exception":"[object] (Symfony\\Component\\ErrorHandler\\Error\\FatalError(code: 0): syntax error, unexpected identifier \"HasFactory\", expecting \"function\" or \"const\" at /Users/seydou/Projects/Laravel/Brief9/app/Models/Candidature.php:13)
[stacktrace]
#0 {main}
"} 
[2023-12-19 17:40:53] local.ERROR: syntax error, unexpected identifier "HasFactory", expecting "function" or "const" {"exception":"[object] (Symfony\\Component\\ErrorHandler\\Error\\FatalError(code: 0): syntax error, unexpected identifier \"HasFactory\", expecting \"function\" or \"const\" at /Users/seydou/Projects/Laravel/Brief9/app/Models/Candidature.php:13)
[stacktrace]
#0 {main}
"} 
[2023-12-19 17:41:53] local.ERROR: syntax error, unexpected identifier "HasFactory", expecting "function" or "const" {"exception":"[object] (Symfony\\Component\\ErrorHandler\\Error\\FatalError(code: 0): syntax error, unexpected identifier \"HasFactory\", expecting \"function\" or \"const\" at /Users/seydou/Projects/Laravel/Brief9/app/Models/Candidature.php:13)
[stacktrace]
#0 {main}
"} 
[2023-12-19 17:42:53] local.ERROR: syntax error, unexpected identifier "HasFactory", expecting "function" or "const" {"exception":"[object] (Symfony\\Component\\ErrorHandler\\Error\\FatalError(code: 0): syntax error, unexpected identifier \"HasFactory\", expecting \"function\" or \"const\" at /Users/seydou/Projects/Laravel/Brief9/app/Models/Candidature.php:13)
[stacktrace]
#0 {main}
"} 
[2023-12-19 17:43:53] local.ERROR: syntax error, unexpected identifier "HasFactory", expecting "function" or "const" {"exception":"[object] (Symfony\\Component\\ErrorHandler\\Error\\FatalError(code: 0): syntax error, unexpected identifier \"HasFactory\", expecting \"function\" or \"const\" at /Users/seydou/Projects/Laravel/Brief9/app/Models/Candidature.php:13)
[stacktrace]
#0 {main}
"} 
[2023-12-19 19:44:39] local.ERROR: syntax error, unexpected identifier "HasFactory", expecting "function" or "const" {"exception":"[object] (Symfony\\Component\\ErrorHandler\\Error\\FatalError(code: 0): syntax error, unexpected identifier \"HasFactory\", expecting \"function\" or \"const\" at /Users/seydou/Projects/Laravel/Brief9/app/Models/Candidature.php:13)
[stacktrace]
#0 {main}
"} 
[2023-12-19 20:39:43] local.ERROR: syntax error, unexpected identifier "HasFactory", expecting "function" or "const" {"exception":"[object] (Symfony\\Component\\ErrorHandler\\Error\\FatalError(code: 0): syntax error, unexpected identifier \"HasFactory\", expecting \"function\" or \"const\" at /Users/seydou/Projects/Laravel/Brief9/app/Models/Candidature.php:13)
[stacktrace]
#0 {main}
"} 
[2023-12-19 20:40:42] local.ERROR: syntax error, unexpected identifier "HasFactory", expecting "function" or "const" {"exception":"[object] (Symfony\\Component\\ErrorHandler\\Error\\FatalError(code: 0): syntax error, unexpected identifier \"HasFactory\", expecting \"function\" or \"const\" at /Users/seydou/Projects/Laravel/Brief9/app/Models/Candidature.php:13)
[stacktrace]
#0 {main}
"} 
[2023-12-19 20:41:42] local.ERROR: syntax error, unexpected identifier "HasFactory", expecting "function" or "const" {"exception":"[object] (Symfony\\Component\\ErrorHandler\\Error\\FatalError(code: 0): syntax error, unexpected identifier \"HasFactory\", expecting \"function\" or \"const\" at /Users/seydou/Projects/Laravel/Brief9/app/Models/Candidature.php:13)
[stacktrace]
#0 {main}
"} 
[2023-12-19 20:42:42] local.ERROR: syntax error, unexpected identifier "HasFactory", expecting "function" or "const" {"exception":"[object] (Symfony\\Component\\ErrorHandler\\Error\\FatalError(code: 0): syntax error, unexpected identifier \"HasFactory\", expecting \"function\" or \"const\" at /Users/seydou/Projects/Laravel/Brief9/app/Models/Candidature.php:13)
[stacktrace]
#0 {main}
"} 
[2023-12-19 20:43:42] local.ERROR: syntax error, unexpected identifier "HasFactory", expecting "function" or "const" {"exception":"[object] (Symfony\\Component\\ErrorHandler\\Error\\FatalError(code: 0): syntax error, unexpected identifier \"HasFactory\", expecting \"function\" or \"const\" at /Users/seydou/Projects/Laravel/Brief9/app/Models/Candidature.php:13)
[stacktrace]
#0 {main}
"} 
[2023-12-19 20:44:42] local.ERROR: syntax error, unexpected identifier "HasFactory", expecting "function" or "const" {"exception":"[object] (Symfony\\Component\\ErrorHandler\\Error\\FatalError(code: 0): syntax error, unexpected identifier \"HasFactory\", expecting \"function\" or \"const\" at /Users/seydou/Projects/Laravel/Brief9/app/Models/Candidature.php:13)
[stacktrace]
#0 {main}
"} 
[2023-12-19 20:45:42] local.ERROR: syntax error, unexpected identifier "HasFactory", expecting "function" or "const" {"exception":"[object] (Symfony\\Component\\ErrorHandler\\Error\\FatalError(code: 0): syntax error, unexpected identifier \"HasFactory\", expecting \"function\" or \"const\" at /Users/seydou/Projects/Laravel/Brief9/app/Models/Candidature.php:13)
[stacktrace]
#0 {main}
"} 
[2023-12-19 20:46:43] local.ERROR: syntax error, unexpected identifier "HasFactory", expecting "function" or "const" {"exception":"[object] (Symfony\\Component\\ErrorHandler\\Error\\FatalError(code: 0): syntax error, unexpected identifier \"HasFactory\", expecting \"function\" or \"const\" at /Users/seydou/Projects/Laravel/Brief9/app/Models/Candidature.php:13)
[stacktrace]
#0 {main}
"} 
[2023-12-19 20:47:42] local.ERROR: syntax error, unexpected identifier "HasFactory", expecting "function" or "const" {"exception":"[object] (Symfony\\Component\\ErrorHandler\\Error\\FatalError(code: 0): syntax error, unexpected identifier \"HasFactory\", expecting \"function\" or \"const\" at /Users/seydou/Projects/Laravel/Brief9/app/Models/Candidature.php:13)
[stacktrace]
#0 {main}
"} 
[2023-12-19 20:48:43] local.ERROR: syntax error, unexpected identifier "HasFactory", expecting "function" or "const" {"exception":"[object] (Symfony\\Component\\ErrorHandler\\Error\\FatalError(code: 0): syntax error, unexpected identifier \"HasFactory\", expecting \"function\" or \"const\" at /Users/seydou/Projects/Laravel/Brief9/app/Models/Candidature.php:13)
[stacktrace]
#0 {main}
"} 
[2023-12-19 20:49:43] local.ERROR: syntax error, unexpected identifier "HasFactory", expecting "function" or "const" {"exception":"[object] (Symfony\\Component\\ErrorHandler\\Error\\FatalError(code: 0): syntax error, unexpected identifier \"HasFactory\", expecting \"function\" or \"const\" at /Users/seydou/Projects/Laravel/Brief9/app/Models/Candidature.php:13)
[stacktrace]
#0 {main}
"} 
[2023-12-19 20:50:43] local.ERROR: syntax error, unexpected identifier "HasFactory", expecting "function" or "const" {"exception":"[object] (Symfony\\Component\\ErrorHandler\\Error\\FatalError(code: 0): syntax error, unexpected identifier \"HasFactory\", expecting \"function\" or \"const\" at /Users/seydou/Projects/Laravel/Brief9/app/Models/Candidature.php:13)
[stacktrace]
#0 {main}
"} 
[2023-12-19 20:51:42] local.ERROR: syntax error, unexpected identifier "HasFactory", expecting "function" or "const" {"exception":"[object] (Symfony\\Component\\ErrorHandler\\Error\\FatalError(code: 0): syntax error, unexpected identifier \"HasFactory\", expecting \"function\" or \"const\" at /Users/seydou/Projects/Laravel/Brief9/app/Models/Candidature.php:13)
[stacktrace]
#0 {main}
"} 
[2023-12-19 20:52:43] local.ERROR: syntax error, unexpected identifier "HasFactory", expecting "function" or "const" {"exception":"[object] (Symfony\\Component\\ErrorHandler\\Error\\FatalError(code: 0): syntax error, unexpected identifier \"HasFactory\", expecting \"function\" or \"const\" at /Users/seydou/Projects/Laravel/Brief9/app/Models/Candidature.php:13)
[stacktrace]
#0 {main}
"} 
[2023-12-19 20:53:42] local.ERROR: syntax error, unexpected identifier "HasFactory", expecting "function" or "const" {"exception":"[object] (Symfony\\Component\\ErrorHandler\\Error\\FatalError(code: 0): syntax error, unexpected identifier \"HasFactory\", expecting \"function\" or \"const\" at /Users/seydou/Projects/Laravel/Brief9/app/Models/Candidature.php:13)
[stacktrace]
#0 {main}
"} 
[2023-12-19 20:54:42] local.ERROR: syntax error, unexpected identifier "HasFactory", expecting "function" or "const" {"exception":"[object] (Symfony\\Component\\ErrorHandler\\Error\\FatalError(code: 0): syntax error, unexpected identifier \"HasFactory\", expecting \"function\" or \"const\" at /Users/seydou/Projects/Laravel/Brief9/app/Models/Candidature.php:13)
[stacktrace]
#0 {main}
"} 
[2023-12-19 20:55:42] local.ERROR: syntax error, unexpected identifier "HasFactory", expecting "function" or "const" {"exception":"[object] (Symfony\\Component\\ErrorHandler\\Error\\FatalError(code: 0): syntax error, unexpected identifier \"HasFactory\", expecting \"function\" or \"const\" at /Users/seydou/Projects/Laravel/Brief9/app/Models/Candidature.php:13)
[stacktrace]
#0 {main}
"} 
[2023-12-19 20:56:42] local.ERROR: syntax error, unexpected identifier "HasFactory", expecting "function" or "const" {"exception":"[object] (Symfony\\Component\\ErrorHandler\\Error\\FatalError(code: 0): syntax error, unexpected identifier \"HasFactory\", expecting \"function\" or \"const\" at /Users/seydou/Projects/Laravel/Brief9/app/Models/Candidature.php:13)
[stacktrace]
#0 {main}
"} 
[2023-12-19 20:57:42] local.ERROR: syntax error, unexpected identifier "HasFactory", expecting "function" or "const" {"exception":"[object] (Symfony\\Component\\ErrorHandler\\Error\\FatalError(code: 0): syntax error, unexpected identifier \"HasFactory\", expecting \"function\" or \"const\" at /Users/seydou/Projects/Laravel/Brief9/app/Models/Candidature.php:13)
[stacktrace]
#0 {main}
"} 
[2023-12-19 20:58:42] local.ERROR: syntax error, unexpected identifier "HasFactory", expecting "function" or "const" {"exception":"[object] (Symfony\\Component\\ErrorHandler\\Error\\FatalError(code: 0): syntax error, unexpected identifier \"HasFactory\", expecting \"function\" or \"const\" at /Users/seydou/Projects/Laravel/Brief9/app/Models/Candidature.php:13)
[stacktrace]
#0 {main}
"} 
[2023-12-19 20:59:43] local.ERROR: syntax error, unexpected identifier "HasFactory", expecting "function" or "const" {"exception":"[object] (Symfony\\Component\\ErrorHandler\\Error\\FatalError(code: 0): syntax error, unexpected identifier \"HasFactory\", expecting \"function\" or \"const\" at /Users/seydou/Projects/Laravel/Brief9/app/Models/Candidature.php:13)
[stacktrace]
#0 {main}
"} 
[2023-12-19 21:00:43] local.ERROR: syntax error, unexpected identifier "HasFactory", expecting "function" or "const" {"exception":"[object] (Symfony\\Component\\ErrorHandler\\Error\\FatalError(code: 0): syntax error, unexpected identifier \"HasFactory\", expecting \"function\" or \"const\" at /Users/seydou/Projects/Laravel/Brief9/app/Models/Candidature.php:13)
[stacktrace]
#0 {main}
"} 
[2023-12-19 21:01:43] local.ERROR: syntax error, unexpected identifier "HasFactory", expecting "function" or "const" {"exception":"[object] (Symfony\\Component\\ErrorHandler\\Error\\FatalError(code: 0): syntax error, unexpected identifier \"HasFactory\", expecting \"function\" or \"const\" at /Users/seydou/Projects/Laravel/Brief9/app/Models/Candidature.php:13)
[stacktrace]
#0 {main}
"} 
[2023-12-19 21:02:42] local.ERROR: syntax error, unexpected identifier "HasFactory", expecting "function" or "const" {"exception":"[object] (Symfony\\Component\\ErrorHandler\\Error\\FatalError(code: 0): syntax error, unexpected identifier \"HasFactory\", expecting \"function\" or \"const\" at /Users/seydou/Projects/Laravel/Brief9/app/Models/Candidature.php:13)
[stacktrace]
#0 {main}
"} 
[2023-12-19 21:03:43] local.ERROR: syntax error, unexpected identifier "HasFactory", expecting "function" or "const" {"exception":"[object] (Symfony\\Component\\ErrorHandler\\Error\\FatalError(code: 0): syntax error, unexpected identifier \"HasFactory\", expecting \"function\" or \"const\" at /Users/seydou/Projects/Laravel/Brief9/app/Models/Candidature.php:13)
[stacktrace]
#0 {main}
"} 
[2023-12-19 21:04:42] local.ERROR: syntax error, unexpected identifier "HasFactory", expecting "function" or "const" {"exception":"[object] (Symfony\\Component\\ErrorHandler\\Error\\FatalError(code: 0): syntax error, unexpected identifier \"HasFactory\", expecting \"function\" or \"const\" at /Users/seydou/Projects/Laravel/Brief9/app/Models/Candidature.php:13)
[stacktrace]
#0 {main}
"} 
[2023-12-19 21:05:42] local.ERROR: syntax error, unexpected identifier "HasFactory", expecting "function" or "const" {"exception":"[object] (Symfony\\Component\\ErrorHandler\\Error\\FatalError(code: 0): syntax error, unexpected identifier \"HasFactory\", expecting \"function\" or \"const\" at /Users/seydou/Projects/Laravel/Brief9/app/Models/Candidature.php:13)
[stacktrace]
#0 {main}
"} 
[2023-12-19 21:06:42] local.ERROR: syntax error, unexpected identifier "HasFactory", expecting "function" or "const" {"exception":"[object] (Symfony\\Component\\ErrorHandler\\Error\\FatalError(code: 0): syntax error, unexpected identifier \"HasFactory\", expecting \"function\" or \"const\" at /Users/seydou/Projects/Laravel/Brief9/app/Models/Candidature.php:13)
[stacktrace]
#0 {main}
"} 
[2023-12-19 21:07:42] local.ERROR: syntax error, unexpected identifier "HasFactory", expecting "function" or "const" {"exception":"[object] (Symfony\\Component\\ErrorHandler\\Error\\FatalError(code: 0): syntax error, unexpected identifier \"HasFactory\", expecting \"function\" or \"const\" at /Users/seydou/Projects/Laravel/Brief9/app/Models/Candidature.php:13)
[stacktrace]
#0 {main}
"} 
[2023-12-19 21:08:42] local.ERROR: syntax error, unexpected identifier "HasFactory", expecting "function" or "const" {"exception":"[object] (Symfony\\Component\\ErrorHandler\\Error\\FatalError(code: 0): syntax error, unexpected identifier \"HasFactory\", expecting \"function\" or \"const\" at /Users/seydou/Projects/Laravel/Brief9/app/Models/Candidature.php:13)
[stacktrace]
#0 {main}
"} 
[2023-12-19 21:09:43] local.ERROR: syntax error, unexpected identifier "HasFactory", expecting "function" or "const" {"exception":"[object] (Symfony\\Component\\ErrorHandler\\Error\\FatalError(code: 0): syntax error, unexpected identifier \"HasFactory\", expecting \"function\" or \"const\" at /Users/seydou/Projects/Laravel/Brief9/app/Models/Candidature.php:13)
[stacktrace]
#0 {main}
"} 
[2023-12-19 21:10:42] local.ERROR: syntax error, unexpected identifier "HasFactory", expecting "function" or "const" {"exception":"[object] (Symfony\\Component\\ErrorHandler\\Error\\FatalError(code: 0): syntax error, unexpected identifier \"HasFactory\", expecting \"function\" or \"const\" at /Users/seydou/Projects/Laravel/Brief9/app/Models/Candidature.php:13)
[stacktrace]
#0 {main}
"} 
[2023-12-19 21:11:42] local.ERROR: syntax error, unexpected identifier "HasFactory", expecting "function" or "const" {"exception":"[object] (Symfony\\Component\\ErrorHandler\\Error\\FatalError(code: 0): syntax error, unexpected identifier \"HasFactory\", expecting \"function\" or \"const\" at /Users/seydou/Projects/Laravel/Brief9/app/Models/Candidature.php:13)
[stacktrace]
#0 {main}
"} 
[2023-12-19 21:12:42] local.ERROR: syntax error, unexpected identifier "HasFactory", expecting "function" or "const" {"exception":"[object] (Symfony\\Component\\ErrorHandler\\Error\\FatalError(code: 0): syntax error, unexpected identifier \"HasFactory\", expecting \"function\" or \"const\" at /Users/seydou/Projects/Laravel/Brief9/app/Models/Candidature.php:13)
[stacktrace]
#0 {main}
"} 
[2023-12-19 21:13:42] local.ERROR: syntax error, unexpected identifier "HasFactory", expecting "function" or "const" {"exception":"[object] (Symfony\\Component\\ErrorHandler\\Error\\FatalError(code: 0): syntax error, unexpected identifier \"HasFactory\", expecting \"function\" or \"const\" at /Users/seydou/Projects/Laravel/Brief9/app/Models/Candidature.php:13)
[stacktrace]
#0 {main}
"} 
[2023-12-19 21:14:42] local.ERROR: syntax error, unexpected identifier "HasFactory", expecting "function" or "const" {"exception":"[object] (Symfony\\Component\\ErrorHandler\\Error\\FatalError(code: 0): syntax error, unexpected identifier \"HasFactory\", expecting \"function\" or \"const\" at /Users/seydou/Projects/Laravel/Brief9/app/Models/Candidature.php:13)
[stacktrace]
#0 {main}
"} 
[2023-12-19 21:15:42] local.ERROR: syntax error, unexpected identifier "HasFactory", expecting "function" or "const" {"exception":"[object] (Symfony\\Component\\ErrorHandler\\Error\\FatalError(code: 0): syntax error, unexpected identifier \"HasFactory\", expecting \"function\" or \"const\" at /Users/seydou/Projects/Laravel/Brief9/app/Models/Candidature.php:13)
[stacktrace]
#0 {main}
"} 
[2023-12-19 21:16:43] local.ERROR: syntax error, unexpected identifier "HasFactory", expecting "function" or "const" {"exception":"[object] (Symfony\\Component\\ErrorHandler\\Error\\FatalError(code: 0): syntax error, unexpected identifier \"HasFactory\", expecting \"function\" or \"const\" at /Users/seydou/Projects/Laravel/Brief9/app/Models/Candidature.php:13)
[stacktrace]
#0 {main}
"} 
[2023-12-19 21:17:43] local.ERROR: syntax error, unexpected identifier "HasFactory", expecting "function" or "const" {"exception":"[object] (Symfony\\Component\\ErrorHandler\\Error\\FatalError(code: 0): syntax error, unexpected identifier \"HasFactory\", expecting \"function\" or \"const\" at /Users/seydou/Projects/Laravel/Brief9/app/Models/Candidature.php:13)
[stacktrace]
#0 {main}
"} 
[2023-12-19 21:18:44] local.ERROR: syntax error, unexpected identifier "HasFactory", expecting "function" or "const" {"exception":"[object] (Symfony\\Component\\ErrorHandler\\Error\\FatalError(code: 0): syntax error, unexpected identifier \"HasFactory\", expecting \"function\" or \"const\" at /Users/seydou/Projects/Laravel/Brief9/app/Models/Candidature.php:13)
[stacktrace]
#0 {main}
"} 
[2023-12-19 21:19:43] local.ERROR: syntax error, unexpected identifier "HasFactory", expecting "function" or "const" {"exception":"[object] (Symfony\\Component\\ErrorHandler\\Error\\FatalError(code: 0): syntax error, unexpected identifier \"HasFactory\", expecting \"function\" or \"const\" at /Users/seydou/Projects/Laravel/Brief9/app/Models/Candidature.php:13)
[stacktrace]
#0 {main}
"} 
[2023-12-19 21:20:42] local.ERROR: syntax error, unexpected identifier "HasFactory", expecting "function" or "const" {"exception":"[object] (Symfony\\Component\\ErrorHandler\\Error\\FatalError(code: 0): syntax error, unexpected identifier \"HasFactory\", expecting \"function\" or \"const\" at /Users/seydou/Projects/Laravel/Brief9/app/Models/Candidature.php:13)
[stacktrace]
#0 {main}
"} 
[2023-12-19 21:21:43] local.ERROR: syntax error, unexpected identifier "HasFactory", expecting "function" or "const" {"exception":"[object] (Symfony\\Component\\ErrorHandler\\Error\\FatalError(code: 0): syntax error, unexpected identifier \"HasFactory\", expecting \"function\" or \"const\" at /Users/seydou/Projects/Laravel/Brief9/app/Models/Candidature.php:13)
[stacktrace]
#0 {main}
"} 
[2023-12-19 21:22:42] local.ERROR: syntax error, unexpected identifier "HasFactory", expecting "function" or "const" {"exception":"[object] (Symfony\\Component\\ErrorHandler\\Error\\FatalError(code: 0): syntax error, unexpected identifier \"HasFactory\", expecting \"function\" or \"const\" at /Users/seydou/Projects/Laravel/Brief9/app/Models/Candidature.php:13)
[stacktrace]
#0 {main}
"} 
[2023-12-19 21:23:43] local.ERROR: syntax error, unexpected identifier "HasFactory", expecting "function" or "const" {"exception":"[object] (Symfony\\Component\\ErrorHandler\\Error\\FatalError(code: 0): syntax error, unexpected identifier \"HasFactory\", expecting \"function\" or \"const\" at /Users/seydou/Projects/Laravel/Brief9/app/Models/Candidature.php:13)
[stacktrace]
#0 {main}
"} 
[2023-12-19 21:24:43] local.ERROR: syntax error, unexpected identifier "HasFactory", expecting "function" or "const" {"exception":"[object] (Symfony\\Component\\ErrorHandler\\Error\\FatalError(code: 0): syntax error, unexpected identifier \"HasFactory\", expecting \"function\" or \"const\" at /Users/seydou/Projects/Laravel/Brief9/app/Models/Candidature.php:13)
[stacktrace]
#0 {main}
"} 
[2023-12-19 21:25:43] local.ERROR: syntax error, unexpected identifier "HasFactory", expecting "function" or "const" {"exception":"[object] (Symfony\\Component\\ErrorHandler\\Error\\FatalError(code: 0): syntax error, unexpected identifier \"HasFactory\", expecting \"function\" or \"const\" at /Users/seydou/Projects/Laravel/Brief9/app/Models/Candidature.php:13)
[stacktrace]
#0 {main}
"} 
[2023-12-19 21:26:42] local.ERROR: syntax error, unexpected identifier "HasFactory", expecting "function" or "const" {"exception":"[object] (Symfony\\Component\\ErrorHandler\\Error\\FatalError(code: 0): syntax error, unexpected identifier \"HasFactory\", expecting \"function\" or \"const\" at /Users/seydou/Projects/Laravel/Brief9/app/Models/Candidature.php:13)
[stacktrace]
#0 {main}
"} 
[2023-12-19 21:27:42] local.ERROR: syntax error, unexpected identifier "HasFactory", expecting "function" or "const" {"exception":"[object] (Symfony\\Component\\ErrorHandler\\Error\\FatalError(code: 0): syntax error, unexpected identifier \"HasFactory\", expecting \"function\" or \"const\" at /Users/seydou/Projects/Laravel/Brief9/app/Models/Candidature.php:13)
[stacktrace]
#0 {main}
"} 
[2023-12-19 21:28:42] local.ERROR: syntax error, unexpected identifier "HasFactory", expecting "function" or "const" {"exception":"[object] (Symfony\\Component\\ErrorHandler\\Error\\FatalError(code: 0): syntax error, unexpected identifier \"HasFactory\", expecting \"function\" or \"const\" at /Users/seydou/Projects/Laravel/Brief9/app/Models/Candidature.php:13)
[stacktrace]
#0 {main}
"} 
[2023-12-19 21:29:42] local.ERROR: syntax error, unexpected identifier "HasFactory", expecting "function" or "const" {"exception":"[object] (Symfony\\Component\\ErrorHandler\\Error\\FatalError(code: 0): syntax error, unexpected identifier \"HasFactory\", expecting \"function\" or \"const\" at /Users/seydou/Projects/Laravel/Brief9/app/Models/Candidature.php:13)
[stacktrace]
#0 {main}
"} 
[2023-12-19 21:30:43] local.ERROR: syntax error, unexpected identifier "HasFactory", expecting "function" or "const" {"exception":"[object] (Symfony\\Component\\ErrorHandler\\Error\\FatalError(code: 0): syntax error, unexpected identifier \"HasFactory\", expecting \"function\" or \"const\" at /Users/seydou/Projects/Laravel/Brief9/app/Models/Candidature.php:13)
[stacktrace]
#0 {main}
"} 
[2023-12-19 21:31:43] local.ERROR: syntax error, unexpected identifier "HasFactory", expecting "function" or "const" {"exception":"[object] (Symfony\\Component\\ErrorHandler\\Error\\FatalError(code: 0): syntax error, unexpected identifier \"HasFactory\", expecting \"function\" or \"const\" at /Users/seydou/Projects/Laravel/Brief9/app/Models/Candidature.php:13)
[stacktrace]
#0 {main}
"} 
[2023-12-19 21:32:44] local.ERROR: syntax error, unexpected identifier "HasFactory", expecting "function" or "const" {"exception":"[object] (Symfony\\Component\\ErrorHandler\\Error\\FatalError(code: 0): syntax error, unexpected identifier \"HasFactory\", expecting \"function\" or \"const\" at /Users/seydou/Projects/Laravel/Brief9/app/Models/Candidature.php:13)
[stacktrace]
#0 {main}
"} 
[2023-12-19 21:33:44] local.ERROR: syntax error, unexpected identifier "HasFactory", expecting "function" or "const" {"exception":"[object] (Symfony\\Component\\ErrorHandler\\Error\\FatalError(code: 0): syntax error, unexpected identifier \"HasFactory\", expecting \"function\" or \"const\" at /Users/seydou/Projects/Laravel/Brief9/app/Models/Candidature.php:13)
[stacktrace]
#0 {main}
"} 
[2023-12-19 21:34:43] local.ERROR: syntax error, unexpected identifier "HasFactory", expecting "function" or "const" {"exception":"[object] (Symfony\\Component\\ErrorHandler\\Error\\FatalError(code: 0): syntax error, unexpected identifier \"HasFactory\", expecting \"function\" or \"const\" at /Users/seydou/Projects/Laravel/Brief9/app/Models/Candidature.php:13)
[stacktrace]
#0 {main}
"} 
[2023-12-19 21:35:43] local.ERROR: syntax error, unexpected identifier "HasFactory", expecting "function" or "const" {"exception":"[object] (Symfony\\Component\\ErrorHandler\\Error\\FatalError(code: 0): syntax error, unexpected identifier \"HasFactory\", expecting \"function\" or \"const\" at /Users/seydou/Projects/Laravel/Brief9/app/Models/Candidature.php:13)
[stacktrace]
#0 {main}
"} 
[2023-12-19 21:36:43] local.ERROR: syntax error, unexpected identifier "HasFactory", expecting "function" or "const" {"exception":"[object] (Symfony\\Component\\ErrorHandler\\Error\\FatalError(code: 0): syntax error, unexpected identifier \"HasFactory\", expecting \"function\" or \"const\" at /Users/seydou/Projects/Laravel/Brief9/app/Models/Candidature.php:13)
[stacktrace]
#0 {main}
"} 
[2023-12-19 21:37:42] local.ERROR: syntax error, unexpected identifier "HasFactory", expecting "function" or "const" {"exception":"[object] (Symfony\\Component\\ErrorHandler\\Error\\FatalError(code: 0): syntax error, unexpected identifier \"HasFactory\", expecting \"function\" or \"const\" at /Users/seydou/Projects/Laravel/Brief9/app/Models/Candidature.php:13)
[stacktrace]
#0 {main}
"} 
[2023-12-19 21:38:42] local.ERROR: syntax error, unexpected identifier "HasFactory", expecting "function" or "const" {"exception":"[object] (Symfony\\Component\\ErrorHandler\\Error\\FatalError(code: 0): syntax error, unexpected identifier \"HasFactory\", expecting \"function\" or \"const\" at /Users/seydou/Projects/Laravel/Brief9/app/Models/Candidature.php:13)
[stacktrace]
#0 {main}
"} 
[2023-12-19 21:39:43] local.ERROR: syntax error, unexpected identifier "HasFactory", expecting "function" or "const" {"exception":"[object] (Symfony\\Component\\ErrorHandler\\Error\\FatalError(code: 0): syntax error, unexpected identifier \"HasFactory\", expecting \"function\" or \"const\" at /Users/seydou/Projects/Laravel/Brief9/app/Models/Candidature.php:13)
[stacktrace]
#0 {main}
"} 
[2023-12-19 21:40:42] local.ERROR: syntax error, unexpected identifier "HasFactory", expecting "function" or "const" {"exception":"[object] (Symfony\\Component\\ErrorHandler\\Error\\FatalError(code: 0): syntax error, unexpected identifier \"HasFactory\", expecting \"function\" or \"const\" at /Users/seydou/Projects/Laravel/Brief9/app/Models/Candidature.php:13)
[stacktrace]
#0 {main}
"} 
[2023-12-19 21:41:42] local.ERROR: syntax error, unexpected identifier "HasFactory", expecting "function" or "const" {"exception":"[object] (Symfony\\Component\\ErrorHandler\\Error\\FatalError(code: 0): syntax error, unexpected identifier \"HasFactory\", expecting \"function\" or \"const\" at /Users/seydou/Projects/Laravel/Brief9/app/Models/Candidature.php:13)
[stacktrace]
#0 {main}
"} 
[2023-12-19 21:42:43] local.ERROR: syntax error, unexpected identifier "HasFactory", expecting "function" or "const" {"exception":"[object] (Symfony\\Component\\ErrorHandler\\Error\\FatalError(code: 0): syntax error, unexpected identifier \"HasFactory\", expecting \"function\" or \"const\" at /Users/seydou/Projects/Laravel/Brief9/app/Models/Candidature.php:13)
[stacktrace]
#0 {main}
"} 
[2023-12-19 21:43:44] local.ERROR: syntax error, unexpected identifier "HasFactory", expecting "function" or "const" {"exception":"[object] (Symfony\\Component\\ErrorHandler\\Error\\FatalError(code: 0): syntax error, unexpected identifier \"HasFactory\", expecting \"function\" or \"const\" at /Users/seydou/Projects/Laravel/Brief9/app/Models/Candidature.php:13)
[stacktrace]
#0 {main}
"} 
[2023-12-19 21:44:43] local.ERROR: syntax error, unexpected identifier "HasFactory", expecting "function" or "const" {"exception":"[object] (Symfony\\Component\\ErrorHandler\\Error\\FatalError(code: 0): syntax error, unexpected identifier \"HasFactory\", expecting \"function\" or \"const\" at /Users/seydou/Projects/Laravel/Brief9/app/Models/Candidature.php:13)
[stacktrace]
#0 {main}
"} 
[2023-12-19 21:45:42] local.ERROR: syntax error, unexpected identifier "HasFactory", expecting "function" or "const" {"exception":"[object] (Symfony\\Component\\ErrorHandler\\Error\\FatalError(code: 0): syntax error, unexpected identifier \"HasFactory\", expecting \"function\" or \"const\" at /Users/seydou/Projects/Laravel/Brief9/app/Models/Candidature.php:13)
[stacktrace]
#0 {main}
"} 
[2023-12-19 21:46:42] local.ERROR: syntax error, unexpected identifier "HasFactory", expecting "function" or "const" {"exception":"[object] (Symfony\\Component\\ErrorHandler\\Error\\FatalError(code: 0): syntax error, unexpected identifier \"HasFactory\", expecting \"function\" or \"const\" at /Users/seydou/Projects/Laravel/Brief9/app/Models/Candidature.php:13)
[stacktrace]
#0 {main}
"} 
[2023-12-19 21:47:43] local.ERROR: syntax error, unexpected identifier "HasFactory", expecting "function" or "const" {"exception":"[object] (Symfony\\Component\\ErrorHandler\\Error\\FatalError(code: 0): syntax error, unexpected identifier \"HasFactory\", expecting \"function\" or \"const\" at /Users/seydou/Projects/Laravel/Brief9/app/Models/Candidature.php:13)
[stacktrace]
#0 {main}
"} 
[2023-12-19 21:48:43] local.ERROR: syntax error, unexpected identifier "HasFactory", expecting "function" or "const" {"exception":"[object] (Symfony\\Component\\ErrorHandler\\Error\\FatalError(code: 0): syntax error, unexpected identifier \"HasFactory\", expecting \"function\" or \"const\" at /Users/seydou/Projects/Laravel/Brief9/app/Models/Candidature.php:13)
[stacktrace]
#0 {main}
"} 
[2023-12-19 21:49:43] local.ERROR: syntax error, unexpected identifier "HasFactory", expecting "function" or "const" {"exception":"[object] (Symfony\\Component\\ErrorHandler\\Error\\FatalError(code: 0): syntax error, unexpected identifier \"HasFactory\", expecting \"function\" or \"const\" at /Users/seydou/Projects/Laravel/Brief9/app/Models/Candidature.php:13)
[stacktrace]
#0 {main}
"} 
[2023-12-19 21:50:43] local.ERROR: syntax error, unexpected identifier "HasFactory", expecting "function" or "const" {"exception":"[object] (Symfony\\Component\\ErrorHandler\\Error\\FatalError(code: 0): syntax error, unexpected identifier \"HasFactory\", expecting \"function\" or \"const\" at /Users/seydou/Projects/Laravel/Brief9/app/Models/Candidature.php:13)
[stacktrace]
#0 {main}
"} 
[2023-12-19 21:51:43] local.ERROR: syntax error, unexpected identifier "HasFactory", expecting "function" or "const" {"exception":"[object] (Symfony\\Component\\ErrorHandler\\Error\\FatalError(code: 0): syntax error, unexpected identifier \"HasFactory\", expecting \"function\" or \"const\" at /Users/seydou/Projects/Laravel/Brief9/app/Models/Candidature.php:13)
[stacktrace]
#0 {main}
"} 
[2023-12-19 21:52:43] local.ERROR: syntax error, unexpected identifier "HasFactory", expecting "function" or "const" {"exception":"[object] (Symfony\\Component\\ErrorHandler\\Error\\FatalError(code: 0): syntax error, unexpected identifier \"HasFactory\", expecting \"function\" or \"const\" at /Users/seydou/Projects/Laravel/Brief9/app/Models/Candidature.php:13)
[stacktrace]
#0 {main}
"} 
[2023-12-19 21:53:42] local.ERROR: syntax error, unexpected identifier "HasFactory", expecting "function" or "const" {"exception":"[object] (Symfony\\Component\\ErrorHandler\\Error\\FatalError(code: 0): syntax error, unexpected identifier \"HasFactory\", expecting \"function\" or \"const\" at /Users/seydou/Projects/Laravel/Brief9/app/Models/Candidature.php:13)
[stacktrace]
#0 {main}
"} 
[2023-12-19 21:54:43] local.ERROR: syntax error, unexpected identifier "HasFactory", expecting "function" or "const" {"exception":"[object] (Symfony\\Component\\ErrorHandler\\Error\\FatalError(code: 0): syntax error, unexpected identifier \"HasFactory\", expecting \"function\" or \"const\" at /Users/seydou/Projects/Laravel/Brief9/app/Models/Candidature.php:13)
[stacktrace]
#0 {main}
"} 
[2023-12-19 21:55:43] local.ERROR: syntax error, unexpected identifier "HasFactory", expecting "function" or "const" {"exception":"[object] (Symfony\\Component\\ErrorHandler\\Error\\FatalError(code: 0): syntax error, unexpected identifier \"HasFactory\", expecting \"function\" or \"const\" at /Users/seydou/Projects/Laravel/Brief9/app/Models/Candidature.php:13)
[stacktrace]
#0 {main}
"} 
[2023-12-19 21:56:43] local.ERROR: syntax error, unexpected identifier "HasFactory", expecting "function" or "const" {"exception":"[object] (Symfony\\Component\\ErrorHandler\\Error\\FatalError(code: 0): syntax error, unexpected identifier \"HasFactory\", expecting \"function\" or \"const\" at /Users/seydou/Projects/Laravel/Brief9/app/Models/Candidature.php:13)
[stacktrace]
#0 {main}
"} 
[2023-12-19 21:57:43] local.ERROR: syntax error, unexpected identifier "HasFactory", expecting "function" or "const" {"exception":"[object] (Symfony\\Component\\ErrorHandler\\Error\\FatalError(code: 0): syntax error, unexpected identifier \"HasFactory\", expecting \"function\" or \"const\" at /Users/seydou/Projects/Laravel/Brief9/app/Models/Candidature.php:13)
[stacktrace]
#0 {main}
"} 
